DEBUG:h5py._conv:Creating converter from 3 to 5
DEBUG:PIL.PngImagePlugin:STREAM b'IHDR' 16 13
DEBUG:PIL.PngImagePlugin:STREAM b'PLTE' 41 753
DEBUG:PIL.PngImagePlugin:STREAM b'tRNS' 806 220
DEBUG:PIL.PngImagePlugin:STREAM b'IDAT' 1038 5708
DEBUG:PIL.PngImagePlugin:STREAM b'IHDR' 16 13
DEBUG:PIL.PngImagePlugin:STREAM b'PLTE' 41 753
DEBUG:PIL.PngImagePlugin:STREAM b'tRNS' 806 220
DEBUG:PIL.PngImagePlugin:STREAM b'IDAT' 1038 6440
DEBUG:PIL.PngImagePlugin:STREAM b'IHDR' 16 13
DEBUG:PIL.PngImagePlugin:STREAM b'PLTE' 41 753
DEBUG:PIL.PngImagePlugin:STREAM b'tRNS' 806 220
DEBUG:PIL.PngImagePlugin:STREAM b'IDAT' 1038 6440
DEBUG:h5py._conv:Creating converter from 3 to 5
DEBUG:PIL.PngImagePlugin:STREAM b'IHDR' 16 13
DEBUG:PIL.PngImagePlugin:STREAM b'PLTE' 41 753
DEBUG:PIL.PngImagePlugin:STREAM b'tRNS' 806 220
DEBUG:PIL.PngImagePlugin:STREAM b'IDAT' 1038 5708
DEBUG:PIL.PngImagePlugin:STREAM b'IHDR' 16 13
DEBUG:PIL.PngImagePlugin:STREAM b'PLTE' 41 753
DEBUG:PIL.PngImagePlugin:STREAM b'tRNS' 806 220
DEBUG:PIL.PngImagePlugin:STREAM b'IDAT' 1038 6440
DEBUG:PIL.PngImagePlugin:STREAM b'IHDR' 16 13
DEBUG:PIL.PngImagePlugin:STREAM b'PLTE' 41 753
DEBUG:PIL.PngImagePlugin:STREAM b'tRNS' 806 220
DEBUG:PIL.PngImagePlugin:STREAM b'IDAT' 1038 6440
DEBUG:h5py._conv:Creating converter from 3 to 5
DEBUG:PIL.PngImagePlugin:STREAM b'IHDR' 16 13
DEBUG:PIL.PngImagePlugin:STREAM b'PLTE' 41 753
DEBUG:PIL.PngImagePlugin:STREAM b'tRNS' 806 220
DEBUG:PIL.PngImagePlugin:STREAM b'IDAT' 1038 5708
DEBUG:PIL.PngImagePlugin:STREAM b'IHDR' 16 13
DEBUG:PIL.PngImagePlugin:STREAM b'PLTE' 41 753
DEBUG:PIL.PngImagePlugin:STREAM b'tRNS' 806 220
DEBUG:PIL.PngImagePlugin:STREAM b'IDAT' 1038 6440
DEBUG:PIL.PngImagePlugin:STREAM b'IHDR' 16 13
DEBUG:PIL.PngImagePlugin:STREAM b'PLTE' 41 753
DEBUG:PIL.PngImagePlugin:STREAM b'tRNS' 806 220
DEBUG:PIL.PngImagePlugin:STREAM b'IDAT' 1038 6440
DEBUG:PIL.PngImagePlugin:STREAM b'IHDR' 16 13
DEBUG:PIL.PngImagePlugin:STREAM b'PLTE' 41 753
DEBUG:PIL.PngImagePlugin:STREAM b'tRNS' 806 220
DEBUG:PIL.PngImagePlugin:STREAM b'IDAT' 1038 6440
DEBUG:PIL.PngImagePlugin:STREAM b'IHDR' 16 13
DEBUG:PIL.PngImagePlugin:STREAM b'PLTE' 41 753
DEBUG:PIL.PngImagePlugin:STREAM b'tRNS' 806 220
DEBUG:PIL.PngImagePlugin:STREAM b'IDAT' 1038 6440
DEBUG:h5py._conv:Creating converter from 3 to 5
DEBUG:PIL.PngImagePlugin:STREAM b'IHDR' 16 13
DEBUG:PIL.PngImagePlugin:STREAM b'PLTE' 41 753
DEBUG:PIL.PngImagePlugin:STREAM b'tRNS' 806 220
DEBUG:PIL.PngImagePlugin:STREAM b'IDAT' 1038 5708
DEBUG:PIL.PngImagePlugin:STREAM b'IHDR' 16 13
DEBUG:PIL.PngImagePlugin:STREAM b'PLTE' 41 753
DEBUG:PIL.PngImagePlugin:STREAM b'tRNS' 806 220
DEBUG:PIL.PngImagePlugin:STREAM b'IDAT' 1038 6440
DEBUG:PIL.PngImagePlugin:STREAM b'IHDR' 16 13
DEBUG:PIL.PngImagePlugin:STREAM b'PLTE' 41 753
DEBUG:PIL.PngImagePlugin:STREAM b'tRNS' 806 220
DEBUG:PIL.PngImagePlugin:STREAM b'IDAT' 1038 6440
DEBUG:PIL.PngImagePlugin:STREAM b'IHDR' 16 13
DEBUG:PIL.PngImagePlugin:STREAM b'PLTE' 41 753
DEBUG:PIL.PngImagePlugin:STREAM b'tRNS' 806 220
DEBUG:PIL.PngImagePlugin:STREAM b'IDAT' 1038 6440
DEBUG:PIL.PngImagePlugin:STREAM b'IHDR' 16 13
DEBUG:PIL.PngImagePlugin:STREAM b'PLTE' 41 753
DEBUG:PIL.PngImagePlugin:STREAM b'tRNS' 806 220
DEBUG:PIL.PngImagePlugin:STREAM b'IDAT' 1038 6440
DEBUG:h5py._conv:Creating converter from 3 to 5
DEBUG:PIL.PngImagePlugin:STREAM b'IHDR' 16 13
DEBUG:PIL.PngImagePlugin:STREAM b'PLTE' 41 753
DEBUG:PIL.PngImagePlugin:STREAM b'tRNS' 806 220
DEBUG:PIL.PngImagePlugin:STREAM b'IDAT' 1038 5708
DEBUG:PIL.PngImagePlugin:STREAM b'IHDR' 16 13
DEBUG:PIL.PngImagePlugin:STREAM b'PLTE' 41 753
DEBUG:PIL.PngImagePlugin:STREAM b'tRNS' 806 220
DEBUG:PIL.PngImagePlugin:STREAM b'IDAT' 1038 6440
DEBUG:PIL.PngImagePlugin:STREAM b'IHDR' 16 13
DEBUG:PIL.PngImagePlugin:STREAM b'PLTE' 41 753
DEBUG:PIL.PngImagePlugin:STREAM b'tRNS' 806 220
DEBUG:PIL.PngImagePlugin:STREAM b'IDAT' 1038 6440
DEBUG:PIL.PngImagePlugin:STREAM b'IHDR' 16 13
DEBUG:PIL.PngImagePlugin:STREAM b'PLTE' 41 753
DEBUG:PIL.PngImagePlugin:STREAM b'tRNS' 806 220
DEBUG:PIL.PngImagePlugin:STREAM b'IDAT' 1038 5708
DEBUG:PIL.PngImagePlugin:STREAM b'IHDR' 16 13
DEBUG:PIL.PngImagePlugin:STREAM b'PLTE' 41 753
DEBUG:PIL.PngImagePlugin:STREAM b'tRNS' 806 220
DEBUG:PIL.PngImagePlugin:STREAM b'IDAT' 1038 6440
DEBUG:PIL.PngImagePlugin:STREAM b'IHDR' 16 13
DEBUG:PIL.PngImagePlugin:STREAM b'PLTE' 41 753
DEBUG:PIL.PngImagePlugin:STREAM b'tRNS' 806 220
DEBUG:PIL.PngImagePlugin:STREAM b'IDAT' 1038 6440
DEBUG:PIL.PngImagePlugin:STREAM b'IHDR' 16 13
DEBUG:PIL.PngImagePlugin:STREAM b'tEXt' 41 57
DEBUG:PIL.PngImagePlugin:STREAM b'pHYs' 110 9
DEBUG:PIL.PngImagePlugin:STREAM b'IDAT' 131 41515
DEBUG:PIL.PngImagePlugin:STREAM b'IHDR' 16 13
DEBUG:PIL.PngImagePlugin:STREAM b'IDAT' 41 41515
DEBUG:PIL.PngImagePlugin:STREAM b'IHDR' 16 13
DEBUG:PIL.PngImagePlugin:STREAM b'IDAT' 41 41515
DEBUG:PIL.PngImagePlugin:STREAM b'IHDR' 16 13
DEBUG:PIL.PngImagePlugin:STREAM b'PLTE' 41 753
DEBUG:PIL.PngImagePlugin:STREAM b'tRNS' 806 220
DEBUG:PIL.PngImagePlugin:STREAM b'IDAT' 1038 5708
DEBUG:PIL.PngImagePlugin:STREAM b'IHDR' 16 13
DEBUG:PIL.PngImagePlugin:STREAM b'PLTE' 41 753
DEBUG:PIL.PngImagePlugin:STREAM b'tRNS' 806 220
DEBUG:PIL.PngImagePlugin:STREAM b'IDAT' 1038 6440
DEBUG:PIL.PngImagePlugin:STREAM b'IHDR' 16 13
DEBUG:PIL.PngImagePlugin:STREAM b'PLTE' 41 753
DEBUG:PIL.PngImagePlugin:STREAM b'tRNS' 806 220
DEBUG:PIL.PngImagePlugin:STREAM b'IDAT' 1038 6440
DEBUG:PIL.PngImagePlugin:STREAM b'IHDR' 16 13
DEBUG:PIL.PngImagePlugin:STREAM b'tEXt' 41 57
DEBUG:PIL.PngImagePlugin:STREAM b'pHYs' 110 9
DEBUG:PIL.PngImagePlugin:STREAM b'IDAT' 131 41515
DEBUG:PIL.PngImagePlugin:STREAM b'IHDR' 16 13
DEBUG:PIL.PngImagePlugin:STREAM b'IDAT' 41 41515
DEBUG:PIL.PngImagePlugin:STREAM b'IHDR' 16 13
DEBUG:PIL.PngImagePlugin:STREAM b'IDAT' 41 41515
DEBUG:h5py._conv:Creating converter from 3 to 5
DEBUG:PIL.PngImagePlugin:STREAM b'IHDR' 16 13
DEBUG:PIL.PngImagePlugin:STREAM b'PLTE' 41 753
DEBUG:PIL.PngImagePlugin:STREAM b'tRNS' 806 220
DEBUG:PIL.PngImagePlugin:STREAM b'IDAT' 1038 5708
DEBUG:PIL.PngImagePlugin:STREAM b'IHDR' 16 13
DEBUG:PIL.PngImagePlugin:STREAM b'PLTE' 41 753
DEBUG:PIL.PngImagePlugin:STREAM b'tRNS' 806 220
DEBUG:PIL.PngImagePlugin:STREAM b'IDAT' 1038 6440
DEBUG:PIL.PngImagePlugin:STREAM b'IHDR' 16 13
DEBUG:PIL.PngImagePlugin:STREAM b'PLTE' 41 753
DEBUG:PIL.PngImagePlugin:STREAM b'tRNS' 806 220
DEBUG:PIL.PngImagePlugin:STREAM b'IDAT' 1038 6440
DEBUG:h5py._conv:Creating converter from 3 to 5
DEBUG:PIL.PngImagePlugin:STREAM b'IHDR' 16 13
DEBUG:PIL.PngImagePlugin:STREAM b'PLTE' 41 753
DEBUG:PIL.PngImagePlugin:STREAM b'tRNS' 806 220
DEBUG:PIL.PngImagePlugin:STREAM b'IDAT' 1038 5708
DEBUG:PIL.PngImagePlugin:STREAM b'IHDR' 16 13
DEBUG:PIL.PngImagePlugin:STREAM b'PLTE' 41 753
DEBUG:PIL.PngImagePlugin:STREAM b'tRNS' 806 220
DEBUG:PIL.PngImagePlugin:STREAM b'IDAT' 1038 6440
DEBUG:PIL.PngImagePlugin:STREAM b'IHDR' 16 13
DEBUG:PIL.PngImagePlugin:STREAM b'PLTE' 41 753
DEBUG:PIL.PngImagePlugin:STREAM b'tRNS' 806 220
DEBUG:PIL.PngImagePlugin:STREAM b'IDAT' 1038 6440
DEBUG:PIL.PngImagePlugin:STREAM b'IHDR' 16 13
DEBUG:PIL.PngImagePlugin:STREAM b'PLTE' 41 753
DEBUG:PIL.PngImagePlugin:STREAM b'tRNS' 806 220
DEBUG:PIL.PngImagePlugin:STREAM b'IDAT' 1038 5708
DEBUG:PIL.PngImagePlugin:STREAM b'IHDR' 16 13
DEBUG:PIL.PngImagePlugin:STREAM b'PLTE' 41 753
DEBUG:PIL.PngImagePlugin:STREAM b'tRNS' 806 220
DEBUG:PIL.PngImagePlugin:STREAM b'IDAT' 1038 6440
DEBUG:PIL.PngImagePlugin:STREAM b'IHDR' 16 13
DEBUG:PIL.PngImagePlugin:STREAM b'PLTE' 41 753
DEBUG:PIL.PngImagePlugin:STREAM b'tRNS' 806 220
DEBUG:PIL.PngImagePlugin:STREAM b'IDAT' 1038 6440
DEBUG:PIL.PngImagePlugin:STREAM b'IHDR' 16 13
DEBUG:PIL.PngImagePlugin:STREAM b'tEXt' 41 57
DEBUG:PIL.PngImagePlugin:STREAM b'pHYs' 110 9
DEBUG:PIL.PngImagePlugin:STREAM b'IDAT' 131 65536
DEBUG:PIL.PngImagePlugin:STREAM b'IHDR' 16 13
DEBUG:PIL.PngImagePlugin:STREAM b'IDAT' 41 65536
DEBUG:PIL.PngImagePlugin:STREAM b'IHDR' 16 13
DEBUG:PIL.PngImagePlugin:STREAM b'IDAT' 41 65536
DEBUG:PIL.PngImagePlugin:STREAM b'IHDR' 16 13
DEBUG:PIL.PngImagePlugin:STREAM b'PLTE' 41 753
DEBUG:PIL.PngImagePlugin:STREAM b'tRNS' 806 220
DEBUG:PIL.PngImagePlugin:STREAM b'IDAT' 1038 5708
DEBUG:PIL.PngImagePlugin:STREAM b'IHDR' 16 13
DEBUG:PIL.PngImagePlugin:STREAM b'PLTE' 41 753
DEBUG:PIL.PngImagePlugin:STREAM b'tRNS' 806 220
DEBUG:PIL.PngImagePlugin:STREAM b'IDAT' 1038 6440
DEBUG:PIL.PngImagePlugin:STREAM b'IHDR' 16 13
DEBUG:PIL.PngImagePlugin:STREAM b'PLTE' 41 753
DEBUG:PIL.PngImagePlugin:STREAM b'tRNS' 806 220
DEBUG:PIL.PngImagePlugin:STREAM b'IDAT' 1038 6440
DEBUG:PIL.PngImagePlugin:STREAM b'IHDR' 16 13
DEBUG:PIL.PngImagePlugin:STREAM b'tEXt' 41 57
DEBUG:PIL.PngImagePlugin:STREAM b'pHYs' 110 9
DEBUG:PIL.PngImagePlugin:STREAM b'IDAT' 131 65536
DEBUG:PIL.PngImagePlugin:STREAM b'IHDR' 16 13
DEBUG:PIL.PngImagePlugin:STREAM b'IDAT' 41 65536
DEBUG:PIL.PngImagePlugin:STREAM b'IHDR' 16 13
DEBUG:PIL.PngImagePlugin:STREAM b'IDAT' 41 65536
DEBUG:PIL.PngImagePlugin:STREAM b'IHDR' 16 13
DEBUG:PIL.PngImagePlugin:STREAM b'PLTE' 41 753
DEBUG:PIL.PngImagePlugin:STREAM b'tRNS' 806 220
DEBUG:PIL.PngImagePlugin:STREAM b'IDAT' 1038 5708
DEBUG:PIL.PngImagePlugin:STREAM b'IHDR' 16 13
DEBUG:PIL.PngImagePlugin:STREAM b'PLTE' 41 753
DEBUG:PIL.PngImagePlugin:STREAM b'tRNS' 806 220
DEBUG:PIL.PngImagePlugin:STREAM b'IDAT' 1038 6440
DEBUG:PIL.PngImagePlugin:STREAM b'IHDR' 16 13
DEBUG:PIL.PngImagePlugin:STREAM b'PLTE' 41 753
DEBUG:PIL.PngImagePlugin:STREAM b'tRNS' 806 220
DEBUG:PIL.PngImagePlugin:STREAM b'IDAT' 1038 6440
DEBUG:PIL.PngImagePlugin:STREAM b'IHDR' 16 13
DEBUG:PIL.PngImagePlugin:STREAM b'tEXt' 41 57
DEBUG:PIL.PngImagePlugin:STREAM b'pHYs' 110 9
DEBUG:PIL.PngImagePlugin:STREAM b'IDAT' 131 48397
DEBUG:PIL.PngImagePlugin:STREAM b'IHDR' 16 13
DEBUG:PIL.PngImagePlugin:STREAM b'IDAT' 41 48397
DEBUG:PIL.PngImagePlugin:STREAM b'IHDR' 16 13
DEBUG:PIL.PngImagePlugin:STREAM b'IDAT' 41 48397
DEBUG:PIL.PngImagePlugin:STREAM b'IHDR' 16 13
DEBUG:PIL.PngImagePlugin:STREAM b'PLTE' 41 753
DEBUG:PIL.PngImagePlugin:STREAM b'tRNS' 806 220
DEBUG:PIL.PngImagePlugin:STREAM b'IDAT' 1038 5708
DEBUG:PIL.PngImagePlugin:STREAM b'IHDR' 16 13
DEBUG:PIL.PngImagePlugin:STREAM b'PLTE' 41 753
DEBUG:PIL.PngImagePlugin:STREAM b'tRNS' 806 220
DEBUG:PIL.PngImagePlugin:STREAM b'IDAT' 1038 6440
DEBUG:PIL.PngImagePlugin:STREAM b'IHDR' 16 13
DEBUG:PIL.PngImagePlugin:STREAM b'PLTE' 41 753
DEBUG:PIL.PngImagePlugin:STREAM b'tRNS' 806 220
DEBUG:PIL.PngImagePlugin:STREAM b'IDAT' 1038 6440
DEBUG:PIL.PngImagePlugin:STREAM b'IHDR' 16 13
DEBUG:PIL.PngImagePlugin:STREAM b'tEXt' 41 57
DEBUG:PIL.PngImagePlugin:STREAM b'pHYs' 110 9
DEBUG:PIL.PngImagePlugin:STREAM b'IDAT' 131 48397
DEBUG:PIL.PngImagePlugin:STREAM b'IHDR' 16 13
DEBUG:PIL.PngImagePlugin:STREAM b'IDAT' 41 48397
DEBUG:PIL.PngImagePlugin:STREAM b'IHDR' 16 13
DEBUG:PIL.PngImagePlugin:STREAM b'IDAT' 41 48397
